This is pdfTeX, Version 3.14159265-2.6-1.40.18 (TeX Live 2017/Debian) (preloaded format=pdflatex 2018.10.14)  29 MAY 2019 00:43
entering extended mode
 restricted \write18 enabled.
 %&-line parsing enabled.
**report.tex
(./report.tex
LaTeX2e <2017-04-15>
Babel <3.18> and hyphenation patterns for 84 language(s) loaded.
(/usr/share/texlive/texmf-dist/tex/latex/base/article.cls
Document Class: article 2014/09/29 v1.4h Standard LaTeX document class
(/usr/share/texlive/texmf-dist/tex/latex/base/fleqn.clo
File: fleqn.clo 2016/12/29 v1.2a Standard LaTeX option (flush left equations)
\mathindent=\dimen102
Applying: [2015/01/01] Make \[ robust on input line 50.
LaTeX Info: Redefining \[ on input line 51.
Already applied: [0000/00/00] Make \[ robust on input line 62.
Applying: [2015/01/01] Make \] robust on input line 74.
LaTeX Info: Redefining \] on input line 75.
Already applied: [0000/00/00] Make \] robust on input line 83.
)
(/usr/share/texlive/texmf-dist/tex/latex/base/size11.clo
File: size11.clo 2014/09/29 v1.4h Standard LaTeX file (size option)
)
\c@part=\count79
\c@section=\count80
\c@subsection=\count81
\c@subsubsection=\count82
\c@paragraph=\count83
\c@subparagraph=\count84
\c@figure=\count85
\c@table=\count86
\abovecaptionskip=\skip41
\belowcaptionskip=\skip42
\bibindent=\dimen103
)
(/usr/share/texlive/texmf-dist/tex/latex/float/float.sty
Package: float 2001/11/08 v1.3d Float enhancements (AL)
\c@float@type=\count87
\float@exts=\toks14
\float@box=\box26
\@float@everytoks=\toks15
\@floatcapt=\box27
)
(/usr/share/texlive/texmf-dist/tex/latex/graphics/graphicx.sty
Package: graphicx 2017/06/01 v1.1a Enhanced LaTeX Graphics (DPC,SPQR)

(/usr/share/texlive/texmf-dist/tex/latex/graphics/keyval.sty
Package: keyval 2014/10/28 v1.15 key=value parser (DPC)
\KV@toks@=\toks16
)
(/usr/share/texlive/texmf-dist/tex/latex/graphics/graphics.sty
Package: graphics 2017/06/25 v1.2c Standard LaTeX Graphics (DPC,SPQR)

(/usr/share/texlive/texmf-dist/tex/latex/graphics/trig.sty
Package: trig 2016/01/03 v1.10 sin cos tan (DPC)
)
(/usr/share/texlive/texmf-dist/tex/latex/graphics-cfg/graphics.cfg
File: graphics.cfg 2016/06/04 v1.11 sample graphics configuration
)
Package graphics Info: Driver file: pdftex.def on input line 99.

(/usr/share/texlive/texmf-dist/tex/latex/graphics-def/pdftex.def
File: pdftex.def 2018/01/08 v1.0l Graphics/color driver for pdftex
))
\Gin@req@height=\dimen104
\Gin@req@width=\dimen105
)
(/usr/share/texlive/texmf-dist/tex/latex/caption/caption.sty
Package: caption 2016/02/21 v3.3-144 Customizing captions (AR)

(/usr/share/texlive/texmf-dist/tex/latex/caption/caption3.sty
Package: caption3 2016/05/22 v1.7-166 caption3 kernel (AR)
Package caption3 Info: TeX engine: e-TeX on input line 67.
\captionmargin=\dimen106
\captionmargin@=\dimen107
\captionwidth=\dimen108
\caption@tempdima=\dimen109
\caption@indent=\dimen110
\caption@parindent=\dimen111
\caption@hangindent=\dimen112
)
\c@ContinuedFloat=\count88
Package caption Info: float package is loaded.
)
(/usr/share/texlive/texmf-dist/tex/latex/caption/subcaption.sty
Package: subcaption 2016/05/22 v1.1-161 Sub-captions (AR)
\c@subfigure=\count89
\c@subtable=\count90
)
(/usr/share/texlive/texmf-dist/tex/latex/enumitem/enumitem.sty
Package: enumitem 2011/09/28 v3.5.2 Customized lists
\labelindent=\skip43
\enit@outerparindent=\dimen113
\enit@toks=\toks17
\enit@inbox=\box28
\enitdp@description=\count91
)
(/usr/share/texlive/texmf-dist/tex/latex/booktabs/booktabs.sty
Package: booktabs 2016/04/27 v1.618033 publication quality tables
\heavyrulewidth=\dimen114
\lightrulewidth=\dimen115
\cmidrulewidth=\dimen116
\belowrulesep=\dimen117
\belowbottomsep=\dimen118
\aboverulesep=\dimen119
\abovetopsep=\dimen120
\cmidrulesep=\dimen121
\cmidrulekern=\dimen122
\defaultaddspace=\dimen123
\@cmidla=\count92
\@cmidlb=\count93
\@aboverulesep=\dimen124
\@belowrulesep=\dimen125
\@thisruleclass=\count94
\@lastruleclass=\count95
\@thisrulewidth=\dimen126
)
(/usr/share/texlive/texmf-dist/tex/generic/babel/babel.sty
Package: babel 2018/02/14 3.18 The Babel package

(/usr/share/texlive/texmf-dist/tex/generic/babel/switch.def
File: switch.def 2018/02/14 3.18 Babel switching mechanism
)
(/usr/share/texlive/texmf-dist/tex/generic/babel-portuges/portuges.ldf
Language: portuges 2008/03/18 v1.2q Portuguese support from the babel system

(/usr/share/texlive/texmf-dist/tex/generic/babel/babel.def
File: babel.def 2018/02/14 3.18 Babel common definitions
\babel@savecnt=\count96
\U@D=\dimen127

(/usr/share/texlive/texmf-dist/tex/generic/babel/txtbabel.def)
\bbl@dirlevel=\count97
)
Package babel Info: Making " an active character on input line 145.
))
(/usr/share/texlive/texmf-dist/tex/latex/base/inputenc.sty
Package: inputenc 2015/03/17 v1.2c Input encoding file
\inpenc@prehook=\toks18
\inpenc@posthook=\toks19

(/usr/share/texlive/texmf-dist/tex/latex/ucs/utf8x.def
File: utf8x.def 2004/10/17 UCS: Input encoding UTF-8
))
(/usr/share/texlive/texmf-dist/tex/latex/ucs/ucs.sty
Package: ucs 2013/05/11 v2.2 UCS: Unicode input support

(/usr/share/texlive/texmf-dist/tex/latex/ucs/data/uni-global.def
File: uni-global.def 2013/05/13 UCS: Unicode global data
)
\uc@secondtry=\count98
\uc@combtoks=\toks20
\uc@combtoksb=\toks21
\uc@temptokena=\toks22
)
(/usr/share/texlive/texmf-dist/tex/latex/comment/comment.sty
\CommentStream=\write3

Excluding comment 'comment')
(/usr/share/texlive/texmf-dist/tex/latex/preprint/fullpage.sty
Package: fullpage 1999/02/23 1.1 (PWD)
\FP@margin=\skip44
)
(/usr/share/texlive/texmf-dist/tex/latex/xcolor/xcolor.sty
Package: xcolor 2016/05/11 v2.12 LaTeX color extensions (UK)

(/usr/share/texlive/texmf-dist/tex/latex/graphics-cfg/color.cfg
File: color.cfg 2016/01/02 v1.6 sample color configuration
)
Package xcolor Info: Driver file: pdftex.def on input line 225.
Package xcolor Info: Model `cmy' substituted by `cmy0' on input line 1348.
Package xcolor Info: Model `hsb' substituted by `rgb' on input line 1352.
Package xcolor Info: Model `RGB' extended on input line 1364.
Package xcolor Info: Model `HTML' substituted by `rgb' on input line 1366.
Package xcolor Info: Model `Hsb' substituted by `hsb' on input line 1367.
Package xcolor Info: Model `tHsb' substituted by `hsb' on input line 1368.
Package xcolor Info: Model `HSB' substituted by `hsb' on input line 1369.
Package xcolor Info: Model `Gray' substituted by `gray' on input line 1370.
Package xcolor Info: Model `wave' substituted by `hsb' on input line 1371.
)
(/usr/share/texlive/texmf-dist/tex/latex/amsmath/amsmath.sty
Package: amsmath 2017/09/02 v2.17a AMS math features
\@mathmargin=\skip45

For additional information on amsmath, use the `?' option.
(/usr/share/texlive/texmf-dist/tex/latex/amsmath/amstext.sty
Package: amstext 2000/06/29 v2.01 AMS text

(/usr/share/texlive/texmf-dist/tex/latex/amsmath/amsgen.sty
File: amsgen.sty 1999/11/30 v2.0 generic functions
\@emptytoks=\toks23
\ex@=\dimen128
))
(/usr/share/texlive/texmf-dist/tex/latex/amsmath/amsbsy.sty
Package: amsbsy 1999/11/29 v1.2d Bold Symbols
\pmbraise@=\dimen129
)
(/usr/share/texlive/texmf-dist/tex/latex/amsmath/amsopn.sty
Package: amsopn 2016/03/08 v2.02 operator names
)
\inf@bad=\count99
LaTeX Info: Redefining \frac on input line 213.
\uproot@=\count100
\leftroot@=\count101
LaTeX Info: Redefining \overline on input line 375.
\classnum@=\count102
\DOTSCASE@=\count103
LaTeX Info: Redefining \ldots on input line 472.
LaTeX Info: Redefining \dots on input line 475.
LaTeX Info: Redefining \cdots on input line 596.
\Mathstrutbox@=\box29
\strutbox@=\box30
\big@size=\dimen130
LaTeX Font Info:    Redeclaring font encoding OML on input line 712.
LaTeX Font Info:    Redeclaring font encoding OMS on input line 713.
\macc@depth=\count104
\c@MaxMatrixCols=\count105
\dotsspace@=\muskip10
\c@parentequation=\count106
\dspbrk@lvl=\count107
\tag@help=\toks24
\row@=\count108
\column@=\count109
\maxfields@=\count110
\andhelp@=\toks25
\eqnshift@=\dimen131
\alignsep@=\dimen132
\tagshift@=\dimen133
\tagwidth@=\dimen134
\totwidth@=\dimen135
\lineht@=\dimen136
\@envbody=\toks26
\multlinegap=\skip46
\multlinetaggap=\skip47
\mathdisplay@stack=\toks27
LaTeX Info: Redefining \[ on input line 2817.
LaTeX Info: Redefining \] on input line 2818.
)
(/usr/share/texlive/texmf-dist/tex/latex/amsfonts/amsfonts.sty
Package: amsfonts 2013/01/14 v3.01 Basic AMSFonts support
\symAMSa=\mathgroup4
\symAMSb=\mathgroup5
LaTeX Font Info:    Overwriting math alphabet `\mathfrak' in version `bold'
(Font)                  U/euf/m/n --> U/euf/b/n on input line 106.
)
(/usr/share/texlive/texmf-dist/tex/latex/amsfonts/amssymb.sty
Package: amssymb 2013/01/14 v3.01 AMS font symbols
)
(/usr/share/texlive/texmf-dist/tex/latex/amscls/amsthm.sty
Package: amsthm 2017/10/31 v2.20.4
\thm@style=\toks28
\thm@bodyfont=\toks29
\thm@headfont=\toks30
\thm@notefont=\toks31
\thm@headpunct=\toks32
\thm@preskip=\skip48
\thm@postskip=\skip49
\thm@headsep=\skip50
\dth@everypar=\toks33
)
(/usr/share/texlive/texmf-dist/tex/latex/tools/bm.sty
Package: bm 2017/01/16 v1.2c Bold Symbol Support (DPC/FMi)
\symboldoperators=\mathgroup6
\symboldletters=\mathgroup7
\symboldsymbols=\mathgroup8
LaTeX Font Info:    Redeclaring math alphabet \mathbf on input line 141.
LaTeX Info: Redefining \bm on input line 207.
)
(/usr/share/texlive/texmf-dist/tex/latex/csvsimple/csvsimple.sty
Package: csvsimple 2016/07/01 version 1.20 LaTeX CSV file processing

(/usr/share/texlive/texmf-dist/tex/latex/pgf/utilities/pgfkeys.sty
(/usr/share/texlive/texmf-dist/tex/generic/pgf/utilities/pgfkeys.code.tex
\pgfkeys@pathtoks=\toks34
\pgfkeys@temptoks=\toks35

(/usr/share/texlive/texmf-dist/tex/generic/pgf/utilities/pgfkeysfiltered.code.t
ex
\pgfkeys@tmptoks=\toks36
))) (/usr/share/texlive/texmf-dist/tex/latex/base/ifthen.sty
Package: ifthen 2014/09/29 v1.1c Standard LaTeX ifthen package (DPC)
)
(/usr/share/texlive/texmf-dist/tex/latex/etoolbox/etoolbox.sty
Package: etoolbox 2018/02/11 v2.5e e-TeX tools for LaTeX (JAW)
\etb@tempcnta=\count111
)
(/usr/share/texlive/texmf-dist/tex/latex/tools/shellesc.sty
Package: shellesc 2016/06/07 v0.02a unified shell escape interface for LaTeX
Package shellesc Info: Restricted shell escape enabled on input line 69.
)
\csv@file=\read1
\c@csvinputline=\count112
\c@csvrow=\count113
\c@csvcol=\count114
\csv@out=\write4
)
(/usr/share/texlive/texmf-dist/tex/latex/listings/listings.sty
\lst@mode=\count115
\lst@gtempboxa=\box31
\lst@token=\toks37
\lst@length=\count116
\lst@currlwidth=\dimen137
\lst@column=\count117
\lst@pos=\count118
\lst@lostspace=\dimen138
\lst@width=\dimen139
\lst@newlines=\count119
\lst@lineno=\count120
\lst@maxwidth=\dimen140

(/usr/share/texlive/texmf-dist/tex/latex/listings/lstmisc.sty
File: lstmisc.sty 2015/06/04 1.6 (Carsten Heinz)
\c@lstnumber=\count121
\lst@skipnumbers=\count122
\lst@framebox=\box32
)
(/usr/share/texlive/texmf-dist/tex/latex/listings/listings.cfg
File: listings.cfg 2015/06/04 1.6 listings configuration
))
Package: listings 2015/06/04 1.6 (Carsten Heinz)

(/usr/share/texlive/texmf-dist/tex/latex/pgf/frontendlayer/tikz.sty
(/usr/share/texlive/texmf-dist/tex/latex/pgf/basiclayer/pgf.sty
(/usr/share/texlive/texmf-dist/tex/latex/pgf/utilities/pgfrcs.sty
(/usr/share/texlive/texmf-dist/tex/generic/pgf/utilities/pgfutil-common.tex
\pgfutil@everybye=\toks38
\pgfutil@tempdima=\dimen141
\pgfutil@tempdimb=\dimen142

(/usr/share/texlive/texmf-dist/tex/generic/pgf/utilities/pgfutil-common-lists.t
ex)) (/usr/share/texlive/texmf-dist/tex/generic/pgf/utilities/pgfutil-latex.def
\pgfutil@abb=\box33
(/usr/share/texlive/texmf-dist/tex/latex/ms/everyshi.sty
Package: everyshi 2001/05/15 v3.00 EveryShipout Package (MS)
))
(/usr/share/texlive/texmf-dist/tex/generic/pgf/utilities/pgfrcs.code.tex
Package: pgfrcs 2015/08/07 v3.0.1a (rcs-revision 1.31)
))
Package: pgf 2015/08/07 v3.0.1a (rcs-revision 1.15)

(/usr/share/texlive/texmf-dist/tex/latex/pgf/basiclayer/pgfcore.sty
(/usr/share/texlive/texmf-dist/tex/latex/pgf/systemlayer/pgfsys.sty
(/usr/share/texlive/texmf-dist/tex/generic/pgf/systemlayer/pgfsys.code.tex
Package: pgfsys 2014/07/09 v3.0.1a (rcs-revision 1.48)

(/usr/share/texlive/texmf-dist/tex/generic/pgf/utilities/pgfkeys.code.tex)
\pgf@x=\dimen143
\pgf@y=\dimen144
\pgf@xa=\dimen145
\pgf@ya=\dimen146
\pgf@xb=\dimen147
\pgf@yb=\dimen148
\pgf@xc=\dimen149
\pgf@yc=\dimen150
\w@pgf@writea=\write5
\r@pgf@reada=\read2
\c@pgf@counta=\count123
\c@pgf@countb=\count124
\c@pgf@countc=\count125
\c@pgf@countd=\count126
\t@pgf@toka=\toks39
\t@pgf@tokb=\toks40
\t@pgf@tokc=\toks41

(/usr/share/texlive/texmf-dist/tex/generic/pgf/systemlayer/pgf.cfg
File: pgf.cfg 2008/05/14  (rcs-revision 1.7)
)
Driver file for pgf: pgfsys-pdftex.def

(/usr/share/texlive/texmf-dist/tex/generic/pgf/systemlayer/pgfsys-pdftex.def
File: pgfsys-pdftex.def 2014/10/11  (rcs-revision 1.35)

(/usr/share/texlive/texmf-dist/tex/generic/pgf/systemlayer/pgfsys-common-pdf.de
f
File: pgfsys-common-pdf.def 2013/10/10  (rcs-revision 1.13)
)))
(/usr/share/texlive/texmf-dist/tex/generic/pgf/systemlayer/pgfsyssoftpath.code.
tex
File: pgfsyssoftpath.code.tex 2013/09/09  (rcs-revision 1.9)
\pgfsyssoftpath@smallbuffer@items=\count127
\pgfsyssoftpath@bigbuffer@items=\count128
)
(/usr/share/texlive/texmf-dist/tex/generic/pgf/systemlayer/pgfsysprotocol.code.
tex
File: pgfsysprotocol.code.tex 2006/10/16  (rcs-revision 1.4)
))
(/usr/share/texlive/texmf-dist/tex/generic/pgf/basiclayer/pgfcore.code.tex
Package: pgfcore 2010/04/11 v3.0.1a (rcs-revision 1.7)

(/usr/share/texlive/texmf-dist/tex/generic/pgf/math/pgfmath.code.tex
(/usr/share/texlive/texmf-dist/tex/generic/pgf/math/pgfmathcalc.code.tex
(/usr/share/texlive/texmf-dist/tex/generic/pgf/math/pgfmathutil.code.tex)
(/usr/share/texlive/texmf-dist/tex/generic/pgf/math/pgfmathparser.code.tex
\pgfmath@dimen=\dimen151
\pgfmath@count=\count129
\pgfmath@box=\box34
\pgfmath@toks=\toks42
\pgfmath@stack@operand=\toks43
\pgfmath@stack@operation=\toks44
)
(/usr/share/texlive/texmf-dist/tex/generic/pgf/math/pgfmathfunctions.code.tex
(/usr/share/texlive/texmf-dist/tex/generic/pgf/math/pgfmathfunctions.basic.code
.tex)
(/usr/share/texlive/texmf-dist/tex/generic/pgf/math/pgfmathfunctions.trigonomet
ric.code.tex)
(/usr/share/texlive/texmf-dist/tex/generic/pgf/math/pgfmathfunctions.random.cod
e.tex)
(/usr/share/texlive/texmf-dist/tex/generic/pgf/math/pgfmathfunctions.comparison
.code.tex)
(/usr/share/texlive/texmf-dist/tex/generic/pgf/math/pgfmathfunctions.base.code.
tex)
(/usr/share/texlive/texmf-dist/tex/generic/pgf/math/pgfmathfunctions.round.code
.tex)
(/usr/share/texlive/texmf-dist/tex/generic/pgf/math/pgfmathfunctions.misc.code.
tex)
(/usr/share/texlive/texmf-dist/tex/generic/pgf/math/pgfmathfunctions.integerari
thmetics.code.tex)))
(/usr/share/texlive/texmf-dist/tex/generic/pgf/math/pgfmathfloat.code.tex
\c@pgfmathroundto@lastzeros=\count130
))
(/usr/share/texlive/texmf-dist/tex/generic/pgf/basiclayer/pgfcorepoints.code.te
x
File: pgfcorepoints.code.tex 2013/10/07  (rcs-revision 1.27)
\pgf@picminx=\dimen152
\pgf@picmaxx=\dimen153
\pgf@picminy=\dimen154
\pgf@picmaxy=\dimen155
\pgf@pathminx=\dimen156
\pgf@pathmaxx=\dimen157
\pgf@pathminy=\dimen158
\pgf@pathmaxy=\dimen159
\pgf@xx=\dimen160
\pgf@xy=\dimen161
\pgf@yx=\dimen162
\pgf@yy=\dimen163
\pgf@zx=\dimen164
\pgf@zy=\dimen165
)
(/usr/share/texlive/texmf-dist/tex/generic/pgf/basiclayer/pgfcorepathconstruct.
code.tex
File: pgfcorepathconstruct.code.tex 2013/10/07  (rcs-revision 1.29)
\pgf@path@lastx=\dimen166
\pgf@path@lasty=\dimen167
)
(/usr/share/texlive/texmf-dist/tex/generic/pgf/basiclayer/pgfcorepathusage.code
.tex
File: pgfcorepathusage.code.tex 2014/11/02  (rcs-revision 1.24)
\pgf@shorten@end@additional=\dimen168
\pgf@shorten@start@additional=\dimen169
)
(/usr/share/texlive/texmf-dist/tex/generic/pgf/basiclayer/pgfcorescopes.code.te
x
File: pgfcorescopes.code.tex 2015/05/08  (rcs-revision 1.46)
\pgfpic=\box35
\pgf@hbox=\box36
\pgf@layerbox@main=\box37
\pgf@picture@serial@count=\count131
)
(/usr/share/texlive/texmf-dist/tex/generic/pgf/basiclayer/pgfcoregraphicstate.c
ode.tex
File: pgfcoregraphicstate.code.tex 2014/11/02  (rcs-revision 1.12)
\pgflinewidth=\dimen170
)
(/usr/share/texlive/texmf-dist/tex/generic/pgf/basiclayer/pgfcoretransformation
s.code.tex
File: pgfcoretransformations.code.tex 2015/08/07  (rcs-revision 1.20)
\pgf@pt@x=\dimen171
\pgf@pt@y=\dimen172
\pgf@pt@temp=\dimen173
)
(/usr/share/texlive/texmf-dist/tex/generic/pgf/basiclayer/pgfcorequick.code.tex
File: pgfcorequick.code.tex 2008/10/09  (rcs-revision 1.3)
)
(/usr/share/texlive/texmf-dist/tex/generic/pgf/basiclayer/pgfcoreobjects.code.t
ex
File: pgfcoreobjects.code.tex 2006/10/11  (rcs-revision 1.2)
)
(/usr/share/texlive/texmf-dist/tex/generic/pgf/basiclayer/pgfcorepathprocessing
.code.tex
File: pgfcorepathprocessing.code.tex 2013/09/09  (rcs-revision 1.9)
)
(/usr/share/texlive/texmf-dist/tex/generic/pgf/basiclayer/pgfcorearrows.code.te
x
File: pgfcorearrows.code.tex 2015/05/14  (rcs-revision 1.43)
\pgfarrowsep=\dimen174
)
(/usr/share/texlive/texmf-dist/tex/generic/pgf/basiclayer/pgfcoreshade.code.tex
File: pgfcoreshade.code.tex 2013/07/15  (rcs-revision 1.15)
\pgf@max=\dimen175
\pgf@sys@shading@range@num=\count132
)
(/usr/share/texlive/texmf-dist/tex/generic/pgf/basiclayer/pgfcoreimage.code.tex
File: pgfcoreimage.code.tex 2013/07/15  (rcs-revision 1.18)

(/usr/share/texlive/texmf-dist/tex/generic/pgf/basiclayer/pgfcoreexternal.code.
tex
File: pgfcoreexternal.code.tex 2014/07/09  (rcs-revision 1.21)
\pgfexternal@startupbox=\box38
))
(/usr/share/texlive/texmf-dist/tex/generic/pgf/basiclayer/pgfcorelayers.code.te
x
File: pgfcorelayers.code.tex 2013/07/18  (rcs-revision 1.7)
)
(/usr/share/texlive/texmf-dist/tex/generic/pgf/basiclayer/pgfcoretransparency.c
ode.tex
File: pgfcoretransparency.code.tex 2013/09/30  (rcs-revision 1.5)
)
(/usr/share/texlive/texmf-dist/tex/generic/pgf/basiclayer/pgfcorepatterns.code.
tex
File: pgfcorepatterns.code.tex 2013/11/07  (rcs-revision 1.5)
)))
(/usr/share/texlive/texmf-dist/tex/generic/pgf/modules/pgfmoduleshapes.code.tex
File: pgfmoduleshapes.code.tex 2014/03/21  (rcs-revision 1.35)
\pgfnodeparttextbox=\box39
) (/usr/share/texlive/texmf-dist/tex/generic/pgf/modules/pgfmoduleplot.code.tex
File: pgfmoduleplot.code.tex 2015/08/03  (rcs-revision 1.13)
)
(/usr/share/texlive/texmf-dist/tex/latex/pgf/compatibility/pgfcomp-version-0-65
.sty
Package: pgfcomp-version-0-65 2007/07/03 v3.0.1a (rcs-revision 1.7)
\pgf@nodesepstart=\dimen176
\pgf@nodesepend=\dimen177
)
(/usr/share/texlive/texmf-dist/tex/latex/pgf/compatibility/pgfcomp-version-1-18
.sty
Package: pgfcomp-version-1-18 2007/07/23 v3.0.1a (rcs-revision 1.1)
)) (/usr/share/texlive/texmf-dist/tex/latex/pgf/utilities/pgffor.sty
(/usr/share/texlive/texmf-dist/tex/latex/pgf/math/pgfmath.sty
(/usr/share/texlive/texmf-dist/tex/generic/pgf/math/pgfmath.code.tex))
(/usr/share/texlive/texmf-dist/tex/generic/pgf/utilities/pgffor.code.tex
Package: pgffor 2013/12/13 v3.0.1a (rcs-revision 1.25)

(/usr/share/texlive/texmf-dist/tex/generic/pgf/math/pgfmath.code.tex)
\pgffor@iter=\dimen178
\pgffor@skip=\dimen179
\pgffor@stack=\toks45
\pgffor@toks=\toks46
))
(/usr/share/texlive/texmf-dist/tex/generic/pgf/frontendlayer/tikz/tikz.code.tex
Package: tikz 2015/08/07 v3.0.1a (rcs-revision 1.151)

(/usr/share/texlive/texmf-dist/tex/generic/pgf/libraries/pgflibraryplothandlers
.code.tex
File: pgflibraryplothandlers.code.tex 2013/08/31 v3.0.1a (rcs-revision 1.20)
\pgf@plot@mark@count=\count133
\pgfplotmarksize=\dimen180
)
\tikz@lastx=\dimen181
\tikz@lasty=\dimen182
\tikz@lastxsaved=\dimen183
\tikz@lastysaved=\dimen184
\tikzleveldistance=\dimen185
\tikzsiblingdistance=\dimen186
\tikz@figbox=\box40
\tikz@figbox@bg=\box41
\tikz@tempbox=\box42
\tikz@tempbox@bg=\box43
\tikztreelevel=\count134
\tikznumberofchildren=\count135
\tikznumberofcurrentchild=\count136
\tikz@fig@count=\count137

(/usr/share/texlive/texmf-dist/tex/generic/pgf/modules/pgfmodulematrix.code.tex
File: pgfmodulematrix.code.tex 2013/09/17  (rcs-revision 1.8)
\pgfmatrixcurrentrow=\count138
\pgfmatrixcurrentcolumn=\count139
\pgf@matrix@numberofcolumns=\count140
)
\tikz@expandcount=\count141

(/usr/share/texlive/texmf-dist/tex/generic/pgf/frontendlayer/tikz/libraries/tik
zlibrarytopaths.code.tex
File: tikzlibrarytopaths.code.tex 2008/06/17 v3.0.1a (rcs-revision 1.2)
)))
(/usr/share/texlive/texmf-dist/tex/generic/pgf/frontendlayer/tikz/libraries/tik
zlibrarypositioning.code.tex
File: tikzlibrarypositioning.code.tex 2008/10/06 v3.0.1a (rcs-revision 1.7)
)
(/usr/share/texlive/texmf-dist/tex/generic/pgf/frontendlayer/tikz/libraries/tik
zlibrarydecorations.pathreplacing.code.tex
(/usr/share/texlive/texmf-dist/tex/generic/pgf/frontendlayer/tikz/libraries/tik
zlibrarydecorations.code.tex
(/usr/share/texlive/texmf-dist/tex/generic/pgf/modules/pgfmoduledecorations.cod
e.tex
\pgfdecoratedcompleteddistance=\dimen187
\pgfdecoratedremainingdistance=\dimen188
\pgfdecoratedinputsegmentcompleteddistance=\dimen189
\pgfdecoratedinputsegmentremainingdistance=\dimen190
\pgf@decorate@distancetomove=\dimen191
\pgf@decorate@repeatstate=\count142
\pgfdecorationsegmentamplitude=\dimen192
\pgfdecorationsegmentlength=\dimen193
)
\tikz@lib@dec@box=\box44
)
(/usr/share/texlive/texmf-dist/tex/generic/pgf/libraries/decorations/pgflibrary
decorations.pathreplacing.code.tex))
(/usr/share/texlive/texmf-dist/tex/latex/hyperref/hyperref.sty
Package: hyperref 2018/02/06 v6.86b Hypertext links for LaTeX

(/usr/share/texlive/texmf-dist/tex/generic/oberdiek/hobsub-hyperref.sty
Package: hobsub-hyperref 2016/05/16 v1.14 Bundle oberdiek, subset hyperref (HO)


(/usr/share/texlive/texmf-dist/tex/generic/oberdiek/hobsub-generic.sty
Package: hobsub-generic 2016/05/16 v1.14 Bundle oberdiek, subset generic (HO)
Package: hobsub 2016/05/16 v1.14 Construct package bundles (HO)
Package: infwarerr 2016/05/16 v1.4 Providing info/warning/error messages (HO)
Package: ltxcmds 2016/05/16 v1.23 LaTeX kernel commands for general use (HO)
Package: ifluatex 2016/05/16 v1.4 Provides the ifluatex switch (HO)
Package ifluatex Info: LuaTeX not detected.
Package: ifvtex 2016/05/16 v1.6 Detect VTeX and its facilities (HO)
Package ifvtex Info: VTeX not detected.
Package: intcalc 2016/05/16 v1.2 Expandable calculations with integers (HO)
Package: ifpdf 2017/03/15 v3.2 Provides the ifpdf switch
Package: etexcmds 2016/05/16 v1.6 Avoid name clashes with e-TeX commands (HO)
Package etexcmds Info: Could not find \expanded.
(etexcmds)             That can mean that you are not using pdfTeX 1.50 or
(etexcmds)             that some package has redefined \expanded.
(etexcmds)             In the latter case, load this package earlier.
Package: kvsetkeys 2016/05/16 v1.17 Key value parser (HO)
Package: kvdefinekeys 2016/05/16 v1.4 Define keys (HO)
Package: pdftexcmds 2018/01/21 v0.26 Utility functions of pdfTeX for LuaTeX (HO
)
Package pdftexcmds Info: LuaTeX not detected.
Package pdftexcmds Info: \pdf@primitive is available.
Package pdftexcmds Info: \pdf@ifprimitive is available.
Package pdftexcmds Info: \pdfdraftmode found.
Package: pdfescape 2016/05/16 v1.14 Implements pdfTeX's escape features (HO)
Package: bigintcalc 2016/05/16 v1.4 Expandable calculations on big integers (HO
)
Package: bitset 2016/05/16 v1.2 Handle bit-vector datatype (HO)
Package: uniquecounter 2016/05/16 v1.3 Provide unlimited unique counter (HO)
)
Package hobsub Info: Skipping package `hobsub' (already loaded).
Package: letltxmacro 2016/05/16 v1.5 Let assignment for LaTeX macros (HO)
Package: hopatch 2016/05/16 v1.3 Wrapper for package hooks (HO)
Package: xcolor-patch 2016/05/16 xcolor patch
Package: atveryend 2016/05/16 v1.9 Hooks at the very end of document (HO)
Package: atbegshi 2016/06/09 v1.18 At begin shipout hook (HO)
Package: refcount 2016/05/16 v3.5 Data extraction from label references (HO)
Package: hycolor 2016/05/16 v1.8 Color options for hyperref/bookmark (HO)
)
(/usr/share/texlive/texmf-dist/tex/generic/ifxetex/ifxetex.sty
Package: ifxetex 2010/09/12 v0.6 Provides ifxetex conditional
)
(/usr/share/texlive/texmf-dist/tex/latex/oberdiek/auxhook.sty
Package: auxhook 2016/05/16 v1.4 Hooks for auxiliary files (HO)
)
(/usr/share/texlive/texmf-dist/tex/latex/oberdiek/kvoptions.sty
Package: kvoptions 2016/05/16 v3.12 Key value format for package options (HO)
)
\@linkdim=\dimen194
\Hy@linkcounter=\count143
\Hy@pagecounter=\count144

(/usr/share/texlive/texmf-dist/tex/latex/hyperref/pd1enc.def
File: pd1enc.def 2018/02/06 v6.86b Hyperref: PDFDocEncoding definition (HO)
)
\Hy@SavedSpaceFactor=\count145

(/usr/share/texlive/texmf-dist/tex/latex/latexconfig/hyperref.cfg
File: hyperref.cfg 2002/06/06 v1.2 hyperref configuration of TeXLive
)
Package hyperref Info: Hyper figures OFF on input line 4509.
Package hyperref Info: Link nesting OFF on input line 4514.
Package hyperref Info: Hyper index ON on input line 4517.
Package hyperref Info: Plain pages OFF on input line 4524.
Package hyperref Info: Backreferencing OFF on input line 4529.
Package hyperref Info: Implicit mode ON; LaTeX internals redefined.
Package hyperref Info: Bookmarks ON on input line 4762.
\c@Hy@tempcnt=\count146

(/usr/share/texlive/texmf-dist/tex/latex/url/url.sty
\Urlmuskip=\muskip11
Package: url 2013/09/16  ver 3.4  Verb mode for urls, etc.
)
LaTeX Info: Redefining \url on input line 5115.
\XeTeXLinkMargin=\dimen195
\Fld@menulength=\count147
\Field@Width=\dimen196
\Fld@charsize=\dimen197
Package hyperref Info: Hyper figures OFF on input line 6369.
Package hyperref Info: Link nesting OFF on input line 6374.
Package hyperref Info: Hyper index ON on input line 6377.
Package hyperref Info: backreferencing OFF on input line 6384.
Package hyperref Info: Link coloring OFF on input line 6389.
Package hyperref Info: Link coloring with OCG OFF on input line 6394.
Package hyperref Info: PDF/A mode OFF on input line 6399.
LaTeX Info: Redefining \ref on input line 6439.
LaTeX Info: Redefining \pageref on input line 6443.
\Hy@abspage=\count148
\c@Item=\count149
\c@Hfootnote=\count150
)
Package hyperref Info: Driver (autodetected): hpdftex.

(/usr/share/texlive/texmf-dist/tex/latex/hyperref/hpdftex.def
File: hpdftex.def 2018/02/06 v6.86b Hyperref driver for pdfTeX
\Fld@listcount=\count151
\c@bookmark@seq@number=\count152

(/usr/share/texlive/texmf-dist/tex/latex/oberdiek/rerunfilecheck.sty
Package: rerunfilecheck 2016/05/16 v1.8 Rerun checks for auxiliary files (HO)
Package uniquecounter Info: New unique counter `rerunfilecheck' on input line 2
82.
)
\Hy@SectionHShift=\skip51
)
LaTeX Font Info:    Try loading font information for T1+txtt on input line 28.

(/usr/share/texlive/texmf-dist/tex/latex/txfonts/t1txtt.fd
File: t1txtt.fd 2000/12/15 v3.1
) (./report.aux)
\openout1 = `report.aux'.

LaTeX Font Info:    Checking defaults for OML/cmm/m/it on input line 70.
LaTeX Font Info:    ... okay on input line 70.
LaTeX Font Info:    Checking defaults for T1/cmr/m/n on input line 70.
LaTeX Font Info:    ... okay on input line 70.
LaTeX Font Info:    Checking defaults for OT1/cmr/m/n on input line 70.
LaTeX Font Info:    ... okay on input line 70.
LaTeX Font Info:    Checking defaults for OMS/cmsy/m/n on input line 70.
LaTeX Font Info:    ... okay on input line 70.
LaTeX Font Info:    Checking defaults for OMX/cmex/m/n on input line 70.
LaTeX Font Info:    ... okay on input line 70.
LaTeX Font Info:    Checking defaults for U/cmr/m/n on input line 70.
LaTeX Font Info:    ... okay on input line 70.
LaTeX Font Info:    Checking defaults for PD1/pdf/m/n on input line 70.
LaTeX Font Info:    ... okay on input line 70.

(/usr/share/texlive/texmf-dist/tex/context/base/mkii/supp-pdf.mkii
[Loading MPS to PDF converter (version 2006.09.02).]
\scratchcounter=\count153
\scratchdimen=\dimen198
\scratchbox=\box45
\nofMPsegments=\count154
\nofMParguments=\count155
\everyMPshowfont=\toks47
\MPscratchCnt=\count156
\MPscratchDim=\dimen199
\MPnumerator=\count157
\makeMPintoPDFobject=\count158
\everyMPtoPDFconversion=\toks48
) (/usr/share/texlive/texmf-dist/tex/latex/oberdiek/epstopdf-base.sty
Package: epstopdf-base 2016/05/15 v2.6 Base part for package epstopdf

(/usr/share/texlive/texmf-dist/tex/latex/oberdiek/grfext.sty
Package: grfext 2016/05/16 v1.2 Manage graphics extensions (HO)
)
Package epstopdf-base Info: Redefining graphics rule for `.eps' on input line 4
38.
Package grfext Info: Graphics extension search list:
(grfext)             [.pdf,.png,.jpg,.mps,.jpeg,.jbig2,.jb2,.PDF,.PNG,.JPG,.JPE
G,.JBIG2,.JB2,.eps]
(grfext)             \AppendGraphicsExtensions on input line 456.

(/usr/share/texlive/texmf-dist/tex/latex/latexconfig/epstopdf-sys.cfg
File: epstopdf-sys.cfg 2010/07/13 v1.3 Configuration of (r)epstopdf for TeX Liv
e
))
Package caption Info: Begin \AtBeginDocument code.
Package caption Info: hyperref package is loaded.
Package caption Info: listings package is loaded.
Package caption Info: End \AtBeginDocument code.

(/usr/share/texlive/texmf-dist/tex/latex/ucs/ucsencs.def
File: ucsencs.def 2011/01/21 Fixes to fontencodings LGR, T3
)
\c@lstlisting=\count159

ABD: EveryShipout initializing macros
\AtBeginShipoutBox=\box46
Package hyperref Info: Link coloring OFF on input line 70.

(/usr/share/texlive/texmf-dist/tex/latex/hyperref/nameref.sty
Package: nameref 2016/05/21 v2.44 Cross-referencing by name of section

(/usr/share/texlive/texmf-dist/tex/generic/oberdiek/gettitlestring.sty
Package: gettitlestring 2016/05/16 v1.5 Cleanup title references (HO)
)
\c@section@level=\count160
)
LaTeX Info: Redefining \ref on input line 70.
LaTeX Info: Redefining \pageref on input line 70.
LaTeX Info: Redefining \nameref on input line 70.

(./report.out) (./report.out)
\@outlinefile=\write6
\openout6 = `report.out'.


(/usr/share/texlive/texmf-dist/tex/latex/ucs/data/uni-0.def
File: uni-0.def 2013/05/13 UCS: Unicode data U+0000..U+00FF
)
(/usr/share/texlive/texmf-dist/tex/latex/ucs/data/uni-32.def
File: uni-32.def 2013/05/13 UCS: Unicode data U+2000..U+20FF
)
LaTeX Font Info:    Try loading font information for OMS+cmr on input line 81.

(/usr/share/texlive/texmf-dist/tex/latex/base/omscmr.fd
File: omscmr.fd 2014/09/29 v2.5h Standard LaTeX font definitions
)
LaTeX Font Info:    Font shape `OMS/cmr/m/n' in size <10.95> not available
(Font)              Font shape `OMS/cmsy/m/n' tried instead on input line 81.
LaTeX Font Info:    Try loading font information for U+msa on input line 102.

(/usr/share/texlive/texmf-dist/tex/latex/amsfonts/umsa.fd
File: umsa.fd 2013/01/14 v3.01 AMS symbols A
)
LaTeX Font Info:    Try loading font information for U+msb on input line 102.

(/usr/share/texlive/texmf-dist/tex/latex/amsfonts/umsb.fd
File: umsb.fd 2013/01/14 v3.01 AMS symbols B
)
Underfull \hbox (badness 10000) in paragraph at lines 102--103

 []


Underfull \hbox (badness 10000) in paragraph at lines 104--105

 []


Underfull \hbox (badness 10000) in paragraph at lines 106--107

 []


Underfull \hbox (badness 10000) in paragraph at lines 108--109

 []

Package babel Info: Redefining portuges shorthand "|
(babel)             in language  on input line 109.
Package babel Info: Redefining portuges shorthand "|
(babel)             in language  on input line 109.
[1

{/var/lib/texmf/fonts/map/pdftex/updmap/pdftex.map}]
Underfull \hbox (badness 10000) in paragraph at lines 129--131

 []


Underfull \hbox (badness 10000) in paragraph at lines 142--144

 []

Package babel Info: Redefining portuges shorthand "|
(babel)             in language  on input line 155.
Package babel Info: Redefining portuges shorthand "|
(babel)             in language  on input line 155.
[2]
Underfull \hbox (badness 10000) in paragraph at lines 155--157

 []

<Q2/aSA.png, id=58, 462.528pt x 346.896pt>
File: Q2/aSA.png Graphic file (type png)
<use Q2/aSA.png>
Package pdftex.def Info: Q2/aSA.png  used on input line 191.
(pdftex.def)             Requested size: 234.8775pt x 176.15768pt.
<Q2/aFib.png, id=60, 462.528pt x 346.896pt>
File: Q2/aFib.png Graphic file (type png)
<use Q2/aFib.png>
Package pdftex.def Info: Q2/aFib.png  used on input line 196.
(pdftex.def)             Requested size: 234.8775pt x 176.15768pt.
<Q2/aSAConv.png, id=61, 455.45157pt x 255.95625pt>
File: Q2/aSAConv.png Graphic file (type png)
<use Q2/aSAConv.png>
Package pdftex.def Info: Q2/aSAConv.png  used on input line 203.
(pdftex.def)             Requested size: 234.8775pt x 132.00053pt.
<Q2/aFibConv.png, id=62, 455.45157pt x 255.95625pt>
File: Q2/aFibConv.png Graphic file (type png)
<use Q2/aFibConv.png>
Package pdftex.def Info: Q2/aFibConv.png  used on input line 208.
(pdftex.def)             Requested size: 234.8775pt x 132.00053pt.
Package babel Info: Redefining portuges shorthand "|
(babel)             in language  on input line 214.
Package babel Info: Redefining portuges shorthand "|
(babel)             in language  on input line 214.
[3]
<Q2/bSA.png, id=67, 462.528pt x 346.896pt>
File: Q2/bSA.png Graphic file (type png)
<use Q2/bSA.png>
Package pdftex.def Info: Q2/bSA.png  used on input line 220.
(pdftex.def)             Requested size: 234.8775pt x 176.15768pt.
<Q2/bFib.png, id=68, 462.528pt x 346.896pt>
File: Q2/bFib.png Graphic file (type png)
<use Q2/bFib.png>
Package pdftex.def Info: Q2/bFib.png  used on input line 225.
(pdftex.def)             Requested size: 234.8775pt x 176.15768pt.
<Q2/bSAConv.png, id=69, 455.45157pt x 255.95625pt>
File: Q2/bSAConv.png Graphic file (type png)
<use Q2/bSAConv.png>
Package pdftex.def Info: Q2/bSAConv.png  used on input line 232.
(pdftex.def)             Requested size: 234.8775pt x 132.00053pt.
<Q2/bFibConv.png, id=70, 454.69875pt x 255.95625pt>
File: Q2/bFibConv.png Graphic file (type png)
<use Q2/bFibConv.png>
Package pdftex.def Info: Q2/bFibConv.png  used on input line 237.
(pdftex.def)             Requested size: 234.8775pt x 132.21535pt.
Package babel Info: Redefining portuges shorthand "|
(babel)             in language  on input line 243.
Package babel Info: Redefining portuges shorthand "|
(babel)             in language  on input line 243.
 [4 <./Q2/aSA.png> <./Q2/aFib.png> <./Q2/aSAConv.png (PNG copy)> <./Q2/aFibConv
.png (PNG copy)>]
<Q2/cSA.png, id=77, 462.528pt x 346.896pt>
File: Q2/cSA.png Graphic file (type png)
<use Q2/cSA.png>
Package pdftex.def Info: Q2/cSA.png  used on input line 248.
(pdftex.def)             Requested size: 234.8775pt x 176.15768pt.
<Q2/cFib.png, id=78, 462.528pt x 346.896pt>
File: Q2/cFib.png Graphic file (type png)
<use Q2/cFib.png>
Package pdftex.def Info: Q2/cFib.png  used on input line 253.
(pdftex.def)             Requested size: 234.8775pt x 176.15768pt.
<Q2/cSAConv.png, id=79, 455.45157pt x 255.95625pt>
File: Q2/cSAConv.png Graphic file (type png)
<use Q2/cSAConv.png>
Package pdftex.def Info: Q2/cSAConv.png  used on input line 260.
(pdftex.def)             Requested size: 234.8775pt x 132.00053pt.
<Q2/cFibConv.png, id=80, 454.69875pt x 255.95625pt>
File: Q2/cFibConv.png Graphic file (type png)
<use Q2/cFibConv.png>
Package pdftex.def Info: Q2/cFibConv.png  used on input line 265.
(pdftex.def)             Requested size: 234.8775pt x 132.21535pt.
Package babel Info: Redefining portuges shorthand "|
(babel)             in language  on input line 270.
Package babel Info: Redefining portuges shorthand "|
(babel)             in language  on input line 270.
 [5 <./Q2/bSA.png> <./Q2/bFib.png> <./Q2/bSAConv.png (PNG copy)> <./Q2/bFibConv
.png (PNG copy)>]
File: Q2/cSA.png Graphic file (type png)
<use Q2/cSA.png>
Package pdftex.def Info: Q2/cSA.png  used on input line 275.
(pdftex.def)             Requested size: 234.8775pt x 176.15768pt.
File: Q2/cFib.png Graphic file (type png)
<use Q2/cFib.png>
Package pdftex.def Info: Q2/cFib.png  used on input line 280.
(pdftex.def)             Requested size: 234.8775pt x 176.15768pt.
<Q2/cSAConvInterpol.png, id=87, 455.45157pt x 255.95625pt>
File: Q2/cSAConvInterpol.png Graphic file (type png)
<use Q2/cSAConvInterpol.png>
Package pdftex.def Info: Q2/cSAConvInterpol.png  used on input line 287.
(pdftex.def)             Requested size: 234.8775pt x 132.00053pt.
<Q2/cFibConvInterpol.png, id=88, 455.45157pt x 255.95625pt>
File: Q2/cFibConvInterpol.png Graphic file (type png)
<use Q2/cFibConvInterpol.png>
Package pdftex.def Info: Q2/cFibConvInterpol.png  used on input line 292.
(pdftex.def)             Requested size: 234.8775pt x 132.00053pt.
Package babel Info: Redefining portuges shorthand "|
(babel)             in language  on input line 298.
Package babel Info: Redefining portuges shorthand "|
(babel)             in language  on input line 298.
 [6 <./Q2/cSA.png> <./Q2/cFib.png> <./Q2/cSAConv.png (PNG copy)> <./Q2/cFibConv
.png (PNG copy)>]
Package babel Info: Redefining portuges shorthand "|
(babel)             in language  on input line 337.
Package babel Info: Redefining portuges shorthand "|
(babel)             in language  on input line 337.
 [7 <./Q2/cSAConvInterpol.png (PNG copy)> <./Q2/cFibConvInterpol.png (PNG copy)
>]
Package babel Info: Redefining portuges shorthand "|
(babel)             in language  on input line 338.
Package babel Info: Redefining portuges shorthand "|
(babel)             in language  on input line 338.
 [8]

LaTeX Warning: Hyper reference `Q1' on page 9 undefined on input line 341.


LaTeX Warning: Hyper reference `Q3A' on page 9 undefined on input line 343.


LaTeX Warning: Hyper reference `Q3B' on page 9 undefined on input line 344.


LaTeX Warning: Hyper reference `Q3B' on page 9 undefined on input line 345.

<Q3/1.png, id=109, 578.16pt x 361.35pt>
File: Q3/1.png Graphic file (type png)
<use Q3/1.png>
Package pdftex.def Info: Q3/1.png  used on input line 354.
(pdftex.def)             Requested size: 234.8775pt x 146.79808pt.
<Q3/2.png, id=110, 578.16pt x 361.35pt>
File: Q3/2.png Graphic file (type png)
<use Q3/2.png>
Package pdftex.def Info: Q3/2.png  used on input line 361.
(pdftex.def)             Requested size: 234.8775pt x 146.79808pt.
<Q3/3.png, id=111, 578.16pt x 361.35pt>
File: Q3/3.png Graphic file (type png)
<use Q3/3.png>
Package pdftex.def Info: Q3/3.png  used on input line 368.
(pdftex.def)             Requested size: 234.8775pt x 146.79808pt.
Package babel Info: Redefining portuges shorthand "|
(babel)             in language  on input line 371.
Package babel Info: Redefining portuges shorthand "|
(babel)             in language  on input line 371.
[9 <./Q3/1.png> <./Q3/2.png>]
<Q3/A_BFGS.png, id=125, 455.45157pt x 255.95625pt>
File: Q3/A_BFGS.png Graphic file (type png)
<use Q3/A_BFGS.png>
Package pdftex.def Info: Q3/A_BFGS.png  used on input line 377.
(pdftex.def)             Requested size: 234.8775pt x 132.00053pt.
<Q3/B_BFGS.png, id=126, 455.45157pt x 255.95625pt>
File: Q3/B_BFGS.png Graphic file (type png)
<use Q3/B_BFGS.png>
Package pdftex.def Info: Q3/B_BFGS.png  used on input line 382.
(pdftex.def)             Requested size: 234.8775pt x 132.00053pt.
<Q3/C_BFGS.png, id=127, 455.45157pt x 255.95625pt>
File: Q3/C_BFGS.png Graphic file (type png)
<use Q3/C_BFGS.png>
Package pdftex.def Info: Q3/C_BFGS.png  used on input line 387.
(pdftex.def)             Requested size: 234.8775pt x 132.00053pt.
<Q3/A_GradConjugado.png, id=128, 455.45157pt x 255.95625pt>
File: Q3/A_GradConjugado.png Graphic file (type png)
<use Q3/A_GradConjugado.png>
Package pdftex.def Info: Q3/A_GradConjugado.png  used on input line 397.
(pdftex.def)             Requested size: 234.8775pt x 132.00053pt.
<Q3/B_GradConjugado.png, id=129, 455.45157pt x 255.95625pt>
File: Q3/B_GradConjugado.png Graphic file (type png)
<use Q3/B_GradConjugado.png>
Package pdftex.def Info: Q3/B_GradConjugado.png  used on input line 402.
(pdftex.def)             Requested size: 234.8775pt x 132.00053pt.
<Q3/C_GradConjugado.png, id=130, 455.45157pt x 255.95625pt>
File: Q3/C_GradConjugado.png Graphic file (type png)
<use Q3/C_GradConjugado.png>
Package pdftex.def Info: Q3/C_GradConjugado.png  used on input line 407.
(pdftex.def)             Requested size: 234.8775pt x 132.00053pt.
Package babel Info: Redefining portuges shorthand "|
(babel)             in language  on input line 412.
Package babel Info: Redefining portuges shorthand "|
(babel)             in language  on input line 412.
 [10 <./Q3/3.png> <./Q3/A_BFGS.png (PNG copy)> <./Q3/B_BFGS.png (PNG copy)> <./
Q3/C_BFGS.png (PNG copy)>]
<Q3/A_MaximaDescida.png, id=138, 455.45157pt x 255.95625pt>
File: Q3/A_MaximaDescida.png Graphic file (type png)
<use Q3/A_MaximaDescida.png>
Package pdftex.def Info: Q3/A_MaximaDescida.png  used on input line 417.
(pdftex.def)             Requested size: 234.8775pt x 132.00053pt.
<Q3/B_MaximaDescida.png, id=139, 455.45157pt x 255.95625pt>
File: Q3/B_MaximaDescida.png Graphic file (type png)
<use Q3/B_MaximaDescida.png>
Package pdftex.def Info: Q3/B_MaximaDescida.png  used on input line 422.
(pdftex.def)             Requested size: 234.8775pt x 132.00053pt.
<Q3/C_MaximaDescida.png, id=140, 455.45157pt x 255.95625pt>
File: Q3/C_MaximaDescida.png Graphic file (type png)
<use Q3/C_MaximaDescida.png>
Package pdftex.def Info: Q3/C_MaximaDescida.png  used on input line 427.
(pdftex.def)             Requested size: 234.8775pt x 132.00053pt.
<Q3/A_Newton.png, id=141, 455.45157pt x 255.95625pt>
File: Q3/A_Newton.png Graphic file (type png)
<use Q3/A_Newton.png>
Package pdftex.def Info: Q3/A_Newton.png  used on input line 437.
(pdftex.def)             Requested size: 234.8775pt x 132.00053pt.
File: Q3/A_Newton.png Graphic file (type png)
<use Q3/A_Newton.png>
Package pdftex.def Info: Q3/A_Newton.png  used on input line 442.
(pdftex.def)             Requested size: 234.8775pt x 132.00053pt.
File: Q3/A_Newton.png Graphic file (type png)
<use Q3/A_Newton.png>
Package pdftex.def Info: Q3/A_Newton.png  used on input line 447.
(pdftex.def)             Requested size: 234.8775pt x 132.00053pt.
Package babel Info: Redefining portuges shorthand "|
(babel)             in language  on input line 452.
Package babel Info: Redefining portuges shorthand "|
(babel)             in language  on input line 452.
 [11 <./Q3/A_GradConjugado.png (PNG copy)> <./Q3/B_GradConjugado.png (PNG copy)
> <./Q3/C_GradConjugado.png (PNG copy)> <./Q3/A_MaximaDescida.png (PNG copy)> <
./Q3/B_MaximaDescida.png (PNG copy)> <./Q3/C_MaximaDescida.png (PNG copy)>]
Overfull \hbox (4.40045pt too wide) in paragraph at lines 460--462
[]\OT1/cmr/m/n/10.95 M^^Setodos de Or-dem um pos-suem per-for-mance in-ter-medi
^^Saria, com-pu-tando o $\OML/cmm/m/it/10.95 x\OMS/cmsy/m/n/10.95 ^^C$ \OT1/cmr
/m/n/10.95 em me-nos itera^^Xc~oes
 []


Overfull \hbox (12.28886pt too wide) in paragraph at lines 460--462
\OT1/cmr/m/n/10.95 que m^^Setodos de or-dem zero, em-bora se-jam fa-cil-mente s
u-pe-ra-dos por m^^Setodos de se-gunda ordem/Quasi-
 []

Package babel Info: Redefining portuges shorthand "|
(babel)             in language  on input line 462.
Package babel Info: Redefining portuges shorthand "|
(babel)             in language  on input line 462.
[12 <./Q3/A_Newton.png (PNG copy)>]
Package babel Info: Redefining portuges shorthand "|
(babel)             in language  on input line 462.
Package babel Info: Redefining portuges shorthand "|
(babel)             in language  on input line 462.
 [13]
(/usr/share/texlive/texmf-dist/tex/latex/listings/lstlang1.sty
File: lstlang1.sty 2015/06/04 1.6 listings language file
)
(./Metodos/OrdemZero/minBuscaAleatoria.py
Overfull \hbox (34.2501pt too wide) in paragraph at lines 9--10
[][][][][][][][][][][][][][][][][][][][][][][][][][][][] 
 []

LaTeX Font Info:    Try loading font information for OML+cmr on input line 12.
(/usr/share/texlive/texmf-dist/tex/latex/base/omlcmr.fd
File: omlcmr.fd 2014/09/29 v2.5h Standard LaTeX font definitions
)
LaTeX Font Info:    Font shape `OML/cmr/m/n' in size <10.95> not available
(Font)              Font shape `OML/cmm/m/it' tried instead on input line 12.

Overfull \hbox (19.84996pt too wide) in paragraph at lines 14--15
[][][][][][][][][][][][][][][][][][][][][][][][][][][][][][][][][][][][][][][][
][][][][][][][][][][][][][][][][][][][][][][][] 
 []


Overfull \hbox (5.44981pt too wide) in paragraph at lines 15--16
[][][][][][][][][][][][][][][][][][][][][][][][][][][][][][][][][][][][][][][][
][][][][][][][][][][][][][][][][][] 
 []

)
Package babel Info: Redefining portuges shorthand "|
(babel)             in language  on input line 467.
Package babel Info: Redefining portuges shorthand "|
(babel)             in language  on input line 467.
 [14] (./Metodos/OrdemZero/minSecaoAurea.py
Package babel Info: Redefining portuges shorthand "|
(babel)             in language  on input line 45.
Package babel Info: Redefining portuges shorthand "|
(babel)             in language  on input line 45.
 [15]
Overfull \hbox (34.2501pt too wide) in paragraph at lines 70--71
[][][][][][][][][][][][][][][][][][][][][][][][][][][] 
 []

Package babel Info: Redefining portuges shorthand "|
(babel)             in language  on input line 90.
Package babel Info: Redefining portuges shorthand "|
(babel)             in language  on input line 90.
[16])
Package babel Info: Redefining portuges shorthand "|
(babel)             in language  on input line 471.
Package babel Info: Redefining portuges shorthand "|
(babel)             in language  on input line 471.
 [17] (./Metodos/OrdemZero/minFibonacci.py
Overfull \hbox (19.84996pt too wide) in paragraph at lines 3--5
[][][][][][][][][][][][][][][][][][][][][][][][][][][][][][][][][][][][][][] 
 []

Package babel Info: Redefining portuges shorthand "|
(babel)             in language  on input line 45.
Package babel Info: Redefining portuges shorthand "|
(babel)             in language  on input line 45.
[18])
Package babel Info: Redefining portuges shorthand "|
(babel)             in language  on input line 475.
Package babel Info: Redefining portuges shorthand "|
(babel)             in language  on input line 475.
 [19] (./Metodos/OrdemZero/minPowell.py
Overfull \hbox (19.84996pt too wide) in paragraph at lines 15--16
[][][][][][][][][][][][][][][][][][][][][][][][][][][][][][][][][][][][][][][][
][][][] 
 []

)
Package babel Info: Redefining portuges shorthand "|
(babel)             in language  on input line 478.
Package babel Info: Redefining portuges shorthand "|
(babel)             in language  on input line 478.
 [20]
Package babel Info: Redefining portuges shorthand "|
(babel)             in language  on input line 479.
Package babel Info: Redefining portuges shorthand "|
(babel)             in language  on input line 479.
 [21] (./Metodos/OrdemZero/minNelder-mead.py
Overfull \hbox (19.84996pt too wide) in paragraph at lines 4--5
[][][][][][][][][][][][][][][][][][][][][][][][][][] 
 []


Overfull \hbox (12.64989pt too wide) in paragraph at lines 5--6
[][][][][][][][][][][][][][][][][] 
 []

Package babel Info: Redefining portuges shorthand "|
(babel)             in language  on input line 45.
Package babel Info: Redefining portuges shorthand "|
(babel)             in language  on input line 45.
[22])
Package babel Info: Redefining portuges shorthand "|
(babel)             in language  on input line 483.
Package babel Info: Redefining portuges shorthand "|
(babel)             in language  on input line 483.
 [23] (./Metodos/OrdemUm/minMaximaDescida.py)
Package babel Info: Redefining portuges shorthand "|
(babel)             in language  on input line 487.
Package babel Info: Redefining portuges shorthand "|
(babel)             in language  on input line 487.
 [24]
(./Metodos/OrdemUm/minGradConjugado.py
Overfull \hbox (63.0504pt too wide) in paragraph at lines 28--29
[][][][][][][][][][][][][][][][][][][][][][][][][][][] 
 []

)
Package babel Info: Redefining portuges shorthand "|
(babel)             in language  on input line 491.
Package babel Info: Redefining portuges shorthand "|
(babel)             in language  on input line 491.
 [25] (./Metodos/OrdemDois/minNewton.py)
Package babel Info: Redefining portuges shorthand "|
(babel)             in language  on input line 495.
Package babel Info: Redefining portuges shorthand "|
(babel)             in language  on input line 495.
 [26]
(./Metodos/Quasi-Newton/minBFGS.py
Package babel Info: Redefining portuges shorthand "|
(babel)             in language  on input line 45.
Package babel Info: Redefining portuges shorthand "|
(babel)             in language  on input line 45.
 [27])
Package babel Info: Redefining portuges shorthand "|
(babel)             in language  on input line 499.
Package babel Info: Redefining portuges shorthand "|
(babel)             in language  on input line 499.
 [28]
(./Metodos/Outros/interpolacaoPolinomial.py
Package babel Info: Redefining portuges shorthand "|
(babel)             in language  on input line 45.
Package babel Info: Redefining portuges shorthand "|
(babel)             in language  on input line 45.
 [29]
Overfull \hbox (127.85106pt too wide) in paragraph at lines 57--58
[][][][][][][][][][][][][][][][][][][][][][][][][][][][][][][][][][][] 
 []


Overfull \hbox (12.64989pt too wide) in paragraph at lines 69--71
[][][][][][][][][][][][][][][][][][][][][][][][][][][][][][][][][][][][][][][][
][][][][][][][][][][][][][][][][][] 
 []

)
Package babel Info: Redefining portuges shorthand "|
(babel)             in language  on input line 511.
Package babel Info: Redefining portuges shorthand "|
(babel)             in language  on input line 511.
 [30]
Package atveryend Info: Empty hook `BeforeClearDocument' on input line 511.
Package atveryend Info: Empty hook `AfterLastShipout' on input line 511.
 (./report.aux)
Package atveryend Info: Executing hook `AtVeryEndDocument' on input line 511.
Package atveryend Info: Executing hook `AtEndAfterFileList' on input line 511.
Package rerunfilecheck Info: File `report.out' has not changed.
(rerunfilecheck)             Checksum: D41D8CD98F00B204E9800998ECF8427E;0.


LaTeX Warning: There were undefined references.

 ) 
Here is how much of TeX's memory you used:
 23267 strings out of 492982
 416949 string characters out of 6134895
 508496 words of memory out of 5000000
 25752 multiletter control sequences out of 15000+600000
 13271 words of font info for 48 fonts, out of 8000000 for 9000
 1141 hyphenation exceptions out of 8191
 54i,13n,65p,1606b,1908s stack positions out of 5000i,500n,10000p,200000b,80000s
</usr/share/texlive/texmf-dist/fonts/type1/public/amsfonts/cm/cmbx12.pfb></us
r/share/texlive/texmf-dist/fonts/type1/public/amsfonts/cm/cmex10.pfb></usr/shar
e/texlive/texmf-dist/fonts/type1/public/amsfonts/cm/cmmi10.pfb></usr/share/texl
ive/texmf-dist/fonts/type1/public/amsfonts/cm/cmmi8.pfb></usr/share/texlive/tex
mf-dist/fonts/type1/public/amsfonts/cm/cmr10.pfb></usr/share/texlive/texmf-dist
/fonts/type1/public/amsfonts/cm/cmr6.pfb></usr/share/texlive/texmf-dist/fonts/t
ype1/public/amsfonts/cm/cmr8.pfb></usr/share/texlive/texmf-dist/fonts/type1/pub
lic/amsfonts/cm/cmsy10.pfb></usr/share/texlive/texmf-dist/fonts/type1/public/am
sfonts/cm/cmsy8.pfb></usr/share/texlive/texmf-dist/fonts/type1/public/amsfonts/
cm/cmti10.pfb></usr/share/texlive/texmf-dist/fonts/type1/public/amsfonts/symbol
s/msbm10.pfb></usr/share/texlive/texmf-dist/fonts/type1/public/txfonts/t1xbtt.p
fb></usr/share/texlive/texmf-dist/fonts/type1/public/txfonts/t1xtt.pfb>
Output written on report.pdf (30 pages, 1138934 bytes).
PDF statistics:
 963 PDF objects out of 1000 (max. 8388607)
 873 compressed objects within 9 object streams
 620 named destinations out of 1000 (max. 500000)
 148 words of extra memory for PDF output out of 10000 (max. 10000000)

